---
  0 debug pnpm:scope: 
    selected: 1
    workspacePrefix: null
  1 info pnpm: 
    message: "A store server is running. All store manipulations are delegated to it."
    prefix: "/app"
  2 debug pnpm:package-json: 
    initial: 
      name: "bolt-hello-world-node"
      version: "0.0.1"
      description: "Stickie note app to demonstrate App Home feature."
      main: "index.js"
      scripts: 
        start: "node index.js"
      dependencies: 
        express: "^4.16.4"
        body-parser: "^1.19.0"
        qs: "^6.9.0"
        axios: "^0.19.0"
        tsscmp: "^1.0.6"
        node-json-db: "^0.11.0"
        amplifyjs: "^1.1.2-beta.3"
      engines: 
        node: "8.x"
      author: 
        name: "Wichuda Sirithana"
      license: "MIT"
      keywords: 
        - "node"
        - "glitch"
        - "express"
      readme: "# Slack App HomeDemo \nLeveraging the App Home feature\n\n_Updated: January, 2020_<br>\n_Published October, 2019_\n\n---\n\nThere are two code samples to achieve the same app: \n- The sample code with Node w/ Express: this repo\n- The sample code with Slack **Bolt**: [https://glitch.com/edit/#!/apphome-bolt-demo-note](https://glitch.com/edit/#!/apphome-bolt-demo-note)\n\n## Tutorial\n[https://api.slack.com/tutorials/app-home-with-modal](https://api.slack.com/tutorials/app-home-with-modal)\n\n---\n\n## Slack App Config\n\nGo to https://api.slack.com/apps to create a new app. \n\n- App Home\n  - Enable Home Tab\n  - Enable Message (if your app takes DM from users)\n  \n- Enable Bot user\n\n- Add appropriate bot scope(s)\n  - `chat.write` (*Note: you actually do not need this scope for this sample app, but do need to add one to be able to install the app!*)\n\n- Enable Events\n  - Request URL should be `https://your-project.glitch.me/slack/events`\n  - Subscribe to workspace events\n  - Add `app_home_opened`\n  - Save\n  \n- Go to **Interactivity & Actions** and enable\n  - Reuest URL should be: `https://your-project.glitch.me/slack/actions`\n  - Save\n  \n  \nOn Slack client:\n  - Click the app name to go to the home tab\n  - Click the \"Add a stickie\" button and see what happens!\n  "
      readmeFilename: "README.md"
      gitHead: "b8241f5e7c398ed792ff1bab1ec90c9fc3de6bd1"
      _id: "bolt-hello-world-node@0.0.1"
    prefix: "/app"
  3 debug pnpm:stage: 
    prefix: "/app"
    stage: "resolution_started"
  4 error pnpm: 
    message: "No matching version found for amplifyjs@>=1.1.2-beta.3 <2.0.0"
    code: "ERR_PNPM_NO_MATCHING_VERSION"
    packageMeta: 
      name: "amplifyjs"
      dist-tags: 
        latest: "1.1.2-beta.2"
      versions: 
        1.1.2-beta.0: 
          name: "amplifyjs"
          version: "1.1.2-beta.0"
          dist: 
            shasum: "92d4bc24de7ac165905c4f66d0982a817999bfd3"
            tarball: "https://registry.npmjs.org/amplifyjs/-/amplifyjs-1.1.2-beta.0.tgz"
        1.1.2-beta.1: 
          name: "amplifyjs"
          version: "1.1.2-beta.1"
          dist: 
            shasum: "5fd38c9f17692ae937b2f5ab71f0c60218abdf7c"
            tarball: "https://registry.npmjs.org/amplifyjs/-/amplifyjs-1.1.2-beta.1.tgz"
        1.1.2-beta.2: 
          name: "amplifyjs"
          version: "1.1.2-beta.2"
          dist: 
            shasum: "9b71a9d7f04afe6012f6a2bfc003fab3ea905f77"
            tarball: "https://registry.npmjs.org/amplifyjs/-/amplifyjs-1.1.2-beta.2.tgz"
      modified: "2016-08-30T09:28:07.288Z"
      cachedAt: 1590117890490
